[0.009s] Invoking command in '/home/ubuntu/ROS-Humble-BlueRov2-Driver/build/bluerov2_msgs': CMAKE_PREFIX_PATH=/home/ubuntu/ROS-Humble-BlueRov2-Driver/install/bluerov2_controller:/opt/ros/humble /usr/bin/cmake --build /home/ubuntu/ROS-Humble-BlueRov2-Driver/build/bluerov2_msgs -- -j2 -l2
[0.036s] -- Found ament_cmake: 1.3.5 (/opt/ros/humble/share/ament_cmake/cmake)
[0.142s] -- Found ament_lint_auto: 0.12.7 (/opt/ros/humble/share/ament_lint_auto/cmake)
[0.183s] -- Found std_msgs: 4.2.3 (/opt/ros/humble/share/std_msgs/cmake)
[0.202s] -- Found rosidl_generator_c: 3.1.5 (/opt/ros/humble/share/rosidl_generator_c/cmake)
[0.204s] -- Found rosidl_adapter: 3.1.5 (/opt/ros/humble/share/rosidl_adapter/cmake)
[0.208s] -- Found rosidl_generator_cpp: 3.1.5 (/opt/ros/humble/share/rosidl_generator_cpp/cmake)
[0.216s] -- Using all available rosidl_typesupport_c: rosidl_typesupport_fastrtps_c;rosidl_typesupport_introspection_c
[0.227s] -- Using all available rosidl_typesupport_cpp: rosidl_typesupport_fastrtps_cpp;rosidl_typesupport_introspection_cpp
[0.267s] -- Found rosidl_default_generators: 1.2.0 (/opt/ros/humble/share/rosidl_default_generators/cmake)
[0.399s] [31mCMake Error at /opt/ros/humble/share/rosidl_adapter/cmake/rosidl_adapt_interfaces.cmake:59 (message):
[0.400s]   execute_process(/usr/bin/python3.10 -m rosidl_adapter --package-name
[0.400s]   bluerov2_msgs --arguments-file
[0.400s]   /home/ubuntu/ROS-Humble-BlueRov2-Driver/build/bluerov2_msgs/rosidl_adapter__arguments__bluerov2_msgs.json
[0.400s]   --output-dir
[0.400s]   /home/ubuntu/ROS-Humble-BlueRov2-Driver/build/bluerov2_msgs/rosidl_adapter/bluerov2_msgs
[0.400s]   --output-file
[0.400s]   /home/ubuntu/ROS-Humble-BlueRov2-Driver/build/bluerov2_msgs/rosidl_adapter/bluerov2_msgs.idls)
[0.400s]   returned error code 1:
[0.400s] 
[0.400s]   Error processing 'std_msgs/msg/Header header' of 'bluerov2_msgs/Bar30':
[0.400s]   'std_msgs/msg/Header'
[0.400s] 
[0.400s]   Traceback (most recent call last):
[0.400s] 
[0.400s]     File "/usr/lib/python3.10/runpy.py", line 196, in _run_module_as_main
[0.400s]       return _run_code(code, main_globals, None,
[0.400s]     File "/usr/lib/python3.10/runpy.py", line 86, in _run_code
[0.400s]       exec(code, run_globals)
[0.400s]     File "/opt/ros/humble/local/lib/python3.10/dist-packages/rosidl_adapter/__main__.py", line 19, in <module>
[0.401s]       sys.exit(main())
[0.401s]     File "/opt/ros/humble/local/lib/python3.10/dist-packages/rosidl_adapter/main.py", line 53, in main
[0.401s]       abs_idl_file = convert_to_idl(
[0.401s]     File "/opt/ros/humble/local/lib/python3.10/dist-packages/rosidl_adapter/__init__.py", line 19, in convert_to_idl
[0.401s]       return convert_msg_to_idl(
[0.401s]     File "/opt/ros/humble/local/lib/python3.10/dist-packages/rosidl_adapter/msg/__init__.py", line 28, in convert_msg_to_idl
[0.401s]       msg = parse_message_string(package_name, input_file.stem, content)
[0.401s]     File "/opt/ros/humble/local/lib/python3.10/dist-packages/rosidl_adapter/parser.py", line 520, in parse_message_string
[0.401s]       Type(type_string, context_package_name=pkg_name),
[0.401s]     File "/opt/ros/humble/local/lib/python3.10/dist-packages/rosidl_adapter/parser.py", line 277, in __init__
[0.401s]       super(Type, self).__init__(
[0.401s]     File "/opt/ros/humble/local/lib/python3.10/dist-packages/rosidl_adapter/parser.py", line 190, in __init__
[0.401s]       raise InvalidResourceName(type_string)
[0.401s] 
[0.401s]   rosidl_adapter.parser.InvalidResourceName: std_msgs/msg/Header
[0.401s] 
[0.401s] Call Stack (most recent call first):
[0.401s]   /opt/ros/humble/share/rosidl_cmake/cmake/rosidl_generate_interfaces.cmake:130 (rosidl_adapt_interfaces)
[0.401s]   CMakeLists.txt:29 (rosidl_generate_interfaces)
[0.401s] 
[0.401s] [0m
[0.403s] -- Configuring incomplete, errors occurred!
[0.404s] See also "/home/ubuntu/ROS-Humble-BlueRov2-Driver/build/bluerov2_msgs/CMakeFiles/CMakeOutput.log".
[0.404s] gmake: *** [Makefile:1179: cmake_check_build_system] Error 1
[0.406s] Invoked command in '/home/ubuntu/ROS-Humble-BlueRov2-Driver/build/bluerov2_msgs' returned '2': CMAKE_PREFIX_PATH=/home/ubuntu/ROS-Humble-BlueRov2-Driver/install/bluerov2_controller:/opt/ros/humble /usr/bin/cmake --build /home/ubuntu/ROS-Humble-BlueRov2-Driver/build/bluerov2_msgs -- -j2 -l2
