[0.006s] Invoking command in '/home/ubuntu/ROS-Humble-BlueRov2-Driver/build/bluerov2_msgs': CMAKE_PREFIX_PATH=/home/ubuntu/ROS-Humble-BlueRov2-Driver/install/bluerov2_controller:/opt/ros/humble /usr/bin/cmake --build /home/ubuntu/ROS-Humble-BlueRov2-Driver/build/bluerov2_msgs -- -j2 -l2
[0.028s] -- Found ament_cmake: 1.3.5 (/opt/ros/humble/share/ament_cmake/cmake)
[0.180s] -- Found ament_lint_auto: 0.12.7 (/opt/ros/humble/share/ament_lint_auto/cmake)
[0.287s] -- Found std_msgs: 4.2.3 (/opt/ros/humble/share/std_msgs/cmake)
[0.320s] -- Found rosidl_generator_c: 3.1.5 (/opt/ros/humble/share/rosidl_generator_c/cmake)
[0.322s] -- Found rosidl_adapter: 3.1.5 (/opt/ros/humble/share/rosidl_adapter/cmake)
[0.327s] -- Found rosidl_generator_cpp: 3.1.5 (/opt/ros/humble/share/rosidl_generator_cpp/cmake)
[0.347s] -- Using all available rosidl_typesupport_c: rosidl_typesupport_fastrtps_c;rosidl_typesupport_introspection_c
[0.366s] -- Using all available rosidl_typesupport_cpp: rosidl_typesupport_fastrtps_cpp;rosidl_typesupport_introspection_cpp
[0.409s] -- Found rosidl_default_generators: 1.2.0 (/opt/ros/humble/share/rosidl_default_generators/cmake)
[0.556s] -- Found ament_cmake_ros: 0.10.0 (/opt/ros/humble/share/ament_cmake_ros/cmake)
[0.737s] -- Using all available rosidl_typesupport_c: rosidl_typesupport_fastrtps_c;rosidl_typesupport_introspection_c
[0.810s] -- Using all available rosidl_typesupport_cpp: rosidl_typesupport_fastrtps_cpp;rosidl_typesupport_introspection_cpp
[0.823s] -- Found python_cmake_module: 0.10.0 (/opt/ros/humble/share/python_cmake_module/cmake)
[0.839s] -- Using PYTHON_EXECUTABLE: /usr/bin/python3
[0.839s] -- Using PYTHON_INCLUDE_DIRS: /usr/include/python3.10
[0.839s] -- Using PYTHON_LIBRARIES: /usr/lib/aarch64-linux-gnu/libpython3.10.so
[0.851s] -- Added test 'lint_cmake' to check CMake code style
[0.852s] -- Added test 'xmllint' to check XML markup files
[0.856s] -- Configuring done
[0.900s] -- Generating done
[0.905s] -- Build files have been written to: /home/ubuntu/ROS-Humble-BlueRov2-Driver/build/bluerov2_msgs
[0.924s] [  2%] [34m[1mGenerating C code for ROS interfaces[0m
[0.985s] [  4%] [34m[1mGenerating C++ code for ROS interfaces[0m
[1.242s] [35m[1mConsolidate compiler generated dependencies of target bluerov2_msgs__rosidl_generator_c[0m
[1.267s] [  6%] [32mBuilding C object CMakeFiles/bluerov2_msgs__rosidl_generator_c.dir/rosidl_generator_c/bluerov2_msgs/msg/detail/bar30__functions.c.o[0m
[1.306s] In file included from [01m[K/home/ubuntu/ROS-Humble-BlueRov2-Driver/build/bluerov2_msgs/rosidl_generator_c/bluerov2_msgs/msg/detail/bar30__functions.h:19[m[K,
[1.306s]                  from [01m[K/home/ubuntu/ROS-Humble-BlueRov2-Driver/build/bluerov2_msgs/rosidl_generator_c/bluerov2_msgs/msg/detail/bar30__functions.c:4[m[K:
[1.306s] [01m[K/home/ubuntu/ROS-Humble-BlueRov2-Driver/build/bluerov2_msgs/rosidl_generator_c/bluerov2_msgs/msg/detail/bar30__struct.h:22:10:[m[K [01;31m[Kfatal error: [m[Kstd_msgs/msg/detail/header__struct.h: No such file or directory
[1.307s]    22 | #include [01;31m[K"std_msgs/msg/detail/header__struct.h"[m[K
[1.307s]       |          [01;31m[K^~~~~~~~~~~~~~~~~~~~~~~~~~~~~~~~~~~~~~[m[K
[1.307s] compilation terminated.
[1.307s] gmake[2]: *** [CMakeFiles/bluerov2_msgs__rosidl_generator_c.dir/build.make:137: CMakeFiles/bluerov2_msgs__rosidl_generator_c.dir/rosidl_generator_c/bluerov2_msgs/msg/detail/bar30__functions.c.o] Error 1
[1.307s] gmake[1]: *** [CMakeFiles/Makefile2:213: CMakeFiles/bluerov2_msgs__rosidl_generator_c.dir/all] Error 2
[1.307s] gmake[1]: *** Waiting for unfinished jobs....
[1.392s] [  6%] Built target bluerov2_msgs__cpp
[1.393s] gmake: *** [Makefile:146: all] Error 2
[1.395s] Invoked command in '/home/ubuntu/ROS-Humble-BlueRov2-Driver/build/bluerov2_msgs' returned '2': CMAKE_PREFIX_PATH=/home/ubuntu/ROS-Humble-BlueRov2-Driver/install/bluerov2_controller:/opt/ros/humble /usr/bin/cmake --build /home/ubuntu/ROS-Humble-BlueRov2-Driver/build/bluerov2_msgs -- -j2 -l2
