-- The C compiler identification is GNU 11.4.0
-- The CXX compiler identification is GNU 11.4.0
-- Detecting C compiler ABI info
-- Detecting C compiler ABI info - done
-- Check for working C compiler: /usr/lib/ccache/cc - skipped
-- Detecting C compile features
-- Detecting C compile features - done
-- Detecting CXX compiler ABI info
-- Detecting CXX compiler ABI info - done
-- Check for working CXX compiler: /usr/lib/ccache/c++ - skipped
-- Detecting CXX compile features
-- Detecting CXX compile features - done
-- Found ament_cmake: 1.3.9 (/opt/ros/humble/share/ament_cmake/cmake)
-- Found Python3: /usr/bin/python3 (found version "3.10.12") found components: Interpreter 
-- WAF_COMMAND: /home/bluerov/ROS-Humble-BlueRov2-Driver/ardupilot/waf
-- Found ament_lint_auto: 0.12.11 (/opt/ros/humble/share/ament_lint_auto/cmake)
-- Added test 'copyright' to check source files copyright and LICENSE
-- Added test 'lint_cmake' to check CMake code style
-- Added test 'pep257' to check Python code against some of the docstring style conventions in PEP 257
-- Added test 'xmllint' to check XML markup files
-- Configuring done
-- Generating done
-- Build files have been written to: /home/bluerov/ROS-Humble-BlueRov2-Driver/build/ardupilot_sitl
Built target ament_cmake_python_copy_ardupilot_sitl
[32m[0mSetting top to                           :[0m [0m[32m[32m/home/bluerov/ROS-Humble-BlueRov2-Driver/ardupilot[0m [0m
[32m[0mSetting out to                           :[0m [0m[32m[32m/home/bluerov/ROS-Humble-BlueRov2-Driver/ardupilot/build[0m [0m
[32m[0mAutoconfiguration                        :[0m [0m[32m[32menabled[0m [0m
[32m[0mChecking for program 'python'            :[0m [0m[32m[32m/usr/bin/python3[0m [0m
running egg_info
creating ardupilot_sitl.egg-info
writing ardupilot_sitl.egg-info/PKG-INFO
writing dependency_links to ardupilot_sitl.egg-info/dependency_links.txt
writing top-level names to ardupilot_sitl.egg-info/top_level.txt
writing manifest file 'ardupilot_sitl.egg-info/SOURCES.txt'
reading manifest file 'ardupilot_sitl.egg-info/SOURCES.txt'
writing manifest file 'ardupilot_sitl.egg-info/SOURCES.txt'
Built target ament_cmake_python_build_ardupilot_sitl_egg
[32m[0mChecking for python version >= 3.6.9     :[0m [0m[32m[32m3.10.12[0m [0m
[32m[0mSetting board to                         :[0m [0m[32m[32msitl[0m [0m
[32m[0mUsing toolchain                          :[0m [0m[32m[32mnative[0m [0m
[32m[0mChecking for 'g++' (C++ compiler)        :[0m [0m[32m[32m/usr/lib/ccache/g++[0m [0m
[32m[0mChecking for 'gcc' (C compiler)          :[0m [0m[32m[32m/usr/lib/ccache/gcc[0m [0m
[32m[0mChecking for c flags '-MMD'              :[0m [0m[32m[32myes[0m [0m
[32m[0mChecking for cxx flags '-MMD'            :[0m [0m[32m[32myes[0m [0m
[32m[0mCXX Compiler                             :[0m [0m[32m[32mg++ 11.4.0[0m [0m
[32m[0mChecking for need to link with librt     :[0m [0m[32m[32mnot necessary[0m [0m
[32m[0mChecking for feenableexcept              :[0m [0m[32m[32myes[0m [0m
[32m[0mEnabling -Werror                         :[0m [0m[32m[32myes[0m [0m
[32m[0mChecking for program 'microxrceddsgen'   :[0m [0m[32m[33mnot found[0m [0m
[01;31mCould not find the program ['microxrceddsgen']
(complete log in /home/bluerov/ROS-Humble-BlueRov2-Driver/ardupilot/build/config.log)[0m
gmake[2]: *** [CMakeFiles/ardupilot_configure.dir/build.make:70: CMakeFiles/ardupilot_configure] Error 1
gmake[1]: *** [CMakeFiles/Makefile2:142: CMakeFiles/ardupilot_configure.dir/all] Error 2
gmake: *** [Makefile:146: all] Error 2
