In file included from [01m[K/home/ubuntu/ROS-Humble-BlueRov2-Driver/build/bluerov2_msgs/rosidl_generator_c/bluerov2_msgs/msg/detail/bar30__functions.h:19[m[K,
                 from [01m[K/home/ubuntu/ROS-Humble-BlueRov2-Driver/build/bluerov2_msgs/rosidl_generator_c/bluerov2_msgs/msg/detail/bar30__functions.c:4[m[K:
[01m[K/home/ubuntu/ROS-Humble-BlueRov2-Driver/build/bluerov2_msgs/rosidl_generator_c/bluerov2_msgs/msg/detail/bar30__struct.h:22:10:[m[K [01;31m[Kfatal error: [m[Kbluerov2_msgs/msg/detail/header__struct.h: No such file or directory
   22 | #include [01;31m[K"bluerov2_msgs/msg/detail/header__struct.h"[m[K
      |          [01;31m[K^~~~~~~~~~~~~~~~~~~~~~~~~~~~~~~~~~~~~~~~~~~[m[K
compilation terminated.
gmake[2]: *** [CMakeFiles/bluerov2_msgs__rosidl_generator_c.dir/build.make:137: CMakeFiles/bluerov2_msgs__rosidl_generator_c.dir/rosidl_generator_c/bluerov2_msgs/msg/detail/bar30__functions.c.o] Error 1
gmake[1]: *** [CMakeFiles/Makefile2:213: CMakeFiles/bluerov2_msgs__rosidl_generator_c.dir/all] Error 2
gmake[1]: *** Waiting for unfinished jobs....
In file included from [01m[K/home/ubuntu/ROS-Humble-BlueRov2-Driver/build/bluerov2_msgs/rosidl_typesupport_cpp/bluerov2_msgs/msg/bar30__type_support.cpp:7[m[K:
[01m[K/home/ubuntu/ROS-Humble-BlueRov2-Driver/build/bluerov2_msgs/rosidl_generator_cpp/bluerov2_msgs/msg/detail/bar30__struct.hpp:20:10:[m[K [01;31m[Kfatal error: [m[Kbluerov2_msgs/msg/detail/header__struct.hpp: No such file or directory
   20 | #include [01;31m[K"bluerov2_msgs/msg/detail/header__struct.hpp"[m[K
      |          [01;31m[K^~~~~~~~~~~~~~~~~~~~~~~~~~~~~~~~~~~~~~~~~~~~~[m[K
compilation terminated.
gmake[2]: *** [CMakeFiles/bluerov2_msgs__rosidl_typesupport_cpp.dir/build.make:94: CMakeFiles/bluerov2_msgs__rosidl_typesupport_cpp.dir/rosidl_typesupport_cpp/bluerov2_msgs/msg/bar30__type_support.cpp.o] Error 1
gmake[2]: *** Waiting for unfinished jobs....
gmake[1]: *** [CMakeFiles/Makefile2:395: CMakeFiles/bluerov2_msgs__rosidl_typesupport_cpp.dir/all] Error 2
gmake: *** [Makefile:146: all] Error 2
