[0.005s] Invoking command in '/home/ubuntu/ROS-Humble-BlueRov2-Driver/build/bluerov2_msgs': CMAKE_PREFIX_PATH=/home/ubuntu/ROS-Humble-BlueRov2-Driver/install/bluerov2_controller:/opt/ros/humble /usr/bin/cmake /home/ubuntu/ROS-Humble-BlueRov2-Driver/src/bluerov2_msgs -DCMAKE_INSTALL_PREFIX=/home/ubuntu/ROS-Humble-BlueRov2-Driver/install/bluerov2_msgs
[0.016s] -- Found ament_cmake: 1.3.5 (/opt/ros/humble/share/ament_cmake/cmake)
[0.126s] -- Found ament_lint_auto: 0.12.7 (/opt/ros/humble/share/ament_lint_auto/cmake)
[0.165s] -- Found geometry_msgs: 4.2.3 (/opt/ros/humble/share/geometry_msgs/cmake)
[0.185s] -- Found rosidl_generator_c: 3.1.5 (/opt/ros/humble/share/rosidl_generator_c/cmake)
[0.186s] -- Found rosidl_adapter: 3.1.5 (/opt/ros/humble/share/rosidl_adapter/cmake)
[0.190s] -- Found rosidl_generator_cpp: 3.1.5 (/opt/ros/humble/share/rosidl_generator_cpp/cmake)
[0.198s] -- Using all available rosidl_typesupport_c: rosidl_typesupport_fastrtps_c;rosidl_typesupport_introspection_c
[0.209s] -- Using all available rosidl_typesupport_cpp: rosidl_typesupport_fastrtps_cpp;rosidl_typesupport_introspection_cpp
[0.302s] -- Found rosidl_default_generators: 1.2.0 (/opt/ros/humble/share/rosidl_default_generators/cmake)
[0.472s] -- Found ament_cmake_ros: 0.10.0 (/opt/ros/humble/share/ament_cmake_ros/cmake)
[0.705s] -- Using all available rosidl_typesupport_c: rosidl_typesupport_fastrtps_c;rosidl_typesupport_introspection_c
[0.784s] -- Using all available rosidl_typesupport_cpp: rosidl_typesupport_fastrtps_cpp;rosidl_typesupport_introspection_cpp
[0.800s] -- Found PythonInterp: /usr/bin/python3 (found suitable version "3.10.12", minimum required is "3.6") 
[0.802s] -- Found python_cmake_module: 0.10.0 (/opt/ros/humble/share/python_cmake_module/cmake)
[0.820s] -- Found PythonLibs: /usr/lib/aarch64-linux-gnu/libpython3.10.so (found suitable version "3.10.12", minimum required is "3.5") 
[0.820s] -- Using PYTHON_EXECUTABLE: /usr/bin/python3
[0.820s] -- Using PYTHON_INCLUDE_DIRS: /usr/include/python3.10
[0.821s] -- Using PYTHON_LIBRARIES: /usr/lib/aarch64-linux-gnu/libpython3.10.so
[0.833s] -- Found PythonExtra: .so  
[0.868s] -- Added test 'lint_cmake' to check CMake code style
[0.869s] -- Added test 'xmllint' to check XML markup files
[0.890s] -- Configuring done
[0.908s] -- Generating done
[0.909s] -- Build files have been written to: /home/ubuntu/ROS-Humble-BlueRov2-Driver/build/bluerov2_msgs
[0.914s] Invoked command in '/home/ubuntu/ROS-Humble-BlueRov2-Driver/build/bluerov2_msgs' returned '0': CMAKE_PREFIX_PATH=/home/ubuntu/ROS-Humble-BlueRov2-Driver/install/bluerov2_controller:/opt/ros/humble /usr/bin/cmake /home/ubuntu/ROS-Humble-BlueRov2-Driver/src/bluerov2_msgs -DCMAKE_INSTALL_PREFIX=/home/ubuntu/ROS-Humble-BlueRov2-Driver/install/bluerov2_msgs
[0.914s] Invoking command in '/home/ubuntu/ROS-Humble-BlueRov2-Driver/build/bluerov2_msgs': CMAKE_PREFIX_PATH=/home/ubuntu/ROS-Humble-BlueRov2-Driver/install/bluerov2_controller:/opt/ros/humble /usr/bin/cmake --build /home/ubuntu/ROS-Humble-BlueRov2-Driver/build/bluerov2_msgs -- -j2 -l2
[0.953s] [  2%] [34m[1mGenerating C code for ROS interfaces[0m
[0.978s] [  4%] [34m[1mGenerating C++ code for ROS interfaces[0m
[1.404s] [  4%] Built target bluerov2_msgs__cpp
[1.426s] [  6%] [32mBuilding C object CMakeFiles/bluerov2_msgs__rosidl_generator_c.dir/rosidl_generator_c/bluerov2_msgs/msg/detail/bar30__functions.c.o[0m
[1.432s] [  6%] Built target ament_cmake_python_copy_bluerov2_msgs
[1.470s] [  8%] [34m[1mGenerating C++ type support dispatch for ROS interfaces[0m
[1.501s] In file included from [01m[K/home/ubuntu/ROS-Humble-BlueRov2-Driver/build/bluerov2_msgs/rosidl_generator_c/bluerov2_msgs/msg/detail/bar30__functions.h:19[m[K,
[1.501s]                  from [01m[K/home/ubuntu/ROS-Humble-BlueRov2-Driver/build/bluerov2_msgs/rosidl_generator_c/bluerov2_msgs/msg/detail/bar30__functions.c:4[m[K:
[1.501s] [01m[K/home/ubuntu/ROS-Humble-BlueRov2-Driver/build/bluerov2_msgs/rosidl_generator_c/bluerov2_msgs/msg/detail/bar30__struct.h:22:10:[m[K [01;31m[Kfatal error: [m[Kbluerov2_msgs/msg/detail/header__struct.h: No such file or directory
[1.501s]    22 | #include [01;31m[K"bluerov2_msgs/msg/detail/header__struct.h"[m[K
[1.501s]       |          [01;31m[K^~~~~~~~~~~~~~~~~~~~~~~~~~~~~~~~~~~~~~~~~~~[m[K
[1.501s] compilation terminated.
[1.503s] gmake[2]: *** [CMakeFiles/bluerov2_msgs__rosidl_generator_c.dir/build.make:137: CMakeFiles/bluerov2_msgs__rosidl_generator_c.dir/rosidl_generator_c/bluerov2_msgs/msg/detail/bar30__functions.c.o] Error 1
[1.503s] gmake[1]: *** [CMakeFiles/Makefile2:213: CMakeFiles/bluerov2_msgs__rosidl_generator_c.dir/all] Error 2
[1.503s] gmake[1]: *** Waiting for unfinished jobs....
[1.959s] [ 10%] [32mBuilding CXX object CMakeFiles/bluerov2_msgs__rosidl_typesupport_cpp.dir/rosidl_typesupport_cpp/bluerov2_msgs/msg/bar30__type_support.cpp.o[0m
[1.971s] [ 12%] [32mBuilding CXX object CMakeFiles/bluerov2_msgs__rosidl_typesupport_cpp.dir/rosidl_typesupport_cpp/bluerov2_msgs/msg/set_depth__type_support.cpp.o[0m
[2.285s] In file included from [01m[K/home/ubuntu/ROS-Humble-BlueRov2-Driver/build/bluerov2_msgs/rosidl_typesupport_cpp/bluerov2_msgs/msg/bar30__type_support.cpp:7[m[K:
[2.285s] [01m[K/home/ubuntu/ROS-Humble-BlueRov2-Driver/build/bluerov2_msgs/rosidl_generator_cpp/bluerov2_msgs/msg/detail/bar30__struct.hpp:20:10:[m[K [01;31m[Kfatal error: [m[Kbluerov2_msgs/msg/detail/header__struct.hpp: No such file or directory
[2.285s]    20 | #include [01;31m[K"bluerov2_msgs/msg/detail/header__struct.hpp"[m[K
[2.285s]       |          [01;31m[K^~~~~~~~~~~~~~~~~~~~~~~~~~~~~~~~~~~~~~~~~~~~~[m[K
[2.285s] compilation terminated.
[2.310s] gmake[2]: *** [CMakeFiles/bluerov2_msgs__rosidl_typesupport_cpp.dir/build.make:94: CMakeFiles/bluerov2_msgs__rosidl_typesupport_cpp.dir/rosidl_typesupport_cpp/bluerov2_msgs/msg/bar30__type_support.cpp.o] Error 1
[2.310s] gmake[2]: *** Waiting for unfinished jobs....
[2.728s] gmake[1]: *** [CMakeFiles/Makefile2:395: CMakeFiles/bluerov2_msgs__rosidl_typesupport_cpp.dir/all] Error 2
[2.728s] gmake: *** [Makefile:146: all] Error 2
[2.735s] Invoked command in '/home/ubuntu/ROS-Humble-BlueRov2-Driver/build/bluerov2_msgs' returned '2': CMAKE_PREFIX_PATH=/home/ubuntu/ROS-Humble-BlueRov2-Driver/install/bluerov2_controller:/opt/ros/humble /usr/bin/cmake --build /home/ubuntu/ROS-Humble-BlueRov2-Driver/build/bluerov2_msgs -- -j2 -l2
