[0.008s] Invoking command in '/home/ubuntu/ROS-Humble-BlueRov2-Driver/build/bluerov2_msgs': CMAKE_PREFIX_PATH=/home/ubuntu/ROS-Humble-BlueRov2-Driver/install/bluerov2_controller:/opt/ros/humble /usr/bin/cmake --build /home/ubuntu/ROS-Humble-BlueRov2-Driver/build/bluerov2_msgs -- -j2 -l2
[0.026s] -- Found ament_cmake: 1.3.5 (/opt/ros/humble/share/ament_cmake/cmake)
[0.132s] -- Found std_msgs: 4.2.3 (/opt/ros/humble/share/std_msgs/cmake)
[0.151s] -- Found rosidl_generator_c: 3.1.5 (/opt/ros/humble/share/rosidl_generator_c/cmake)
[0.153s] -- Found rosidl_adapter: 3.1.5 (/opt/ros/humble/share/rosidl_adapter/cmake)
[0.157s] -- Found rosidl_generator_cpp: 3.1.5 (/opt/ros/humble/share/rosidl_generator_cpp/cmake)
[0.164s] -- Using all available rosidl_typesupport_c: rosidl_typesupport_fastrtps_c;rosidl_typesupport_introspection_c
[0.178s] -- Using all available rosidl_typesupport_cpp: rosidl_typesupport_fastrtps_cpp;rosidl_typesupport_introspection_cpp
[0.224s] -- Found rosidl_default_generators: 1.2.0 (/opt/ros/humble/share/rosidl_default_generators/cmake)
[0.400s] -- Found ament_cmake_ros: 0.10.0 (/opt/ros/humble/share/ament_cmake_ros/cmake)
[0.600s] -- Using all available rosidl_typesupport_c: rosidl_typesupport_fastrtps_c;rosidl_typesupport_introspection_c
[0.671s] -- Using all available rosidl_typesupport_cpp: rosidl_typesupport_fastrtps_cpp;rosidl_typesupport_introspection_cpp
[0.685s] -- Found python_cmake_module: 0.10.0 (/opt/ros/humble/share/python_cmake_module/cmake)
[0.699s] -- Using PYTHON_EXECUTABLE: /usr/bin/python3
[0.699s] -- Using PYTHON_INCLUDE_DIRS: /usr/include/python3.10
[0.699s] -- Using PYTHON_LIBRARIES: /usr/lib/aarch64-linux-gnu/libpython3.10.so
[0.710s] -- Configuring done
[0.747s] -- Generating done
[0.757s] -- Build files have been written to: /home/ubuntu/ROS-Humble-BlueRov2-Driver/build/bluerov2_msgs
[0.796s] [  2%] Built target bluerov2_msgs__cpp
[0.798s] [35m[1mConsolidate compiler generated dependencies of target bluerov2_msgs__rosidl_generator_c[0m
[0.812s] [  4%] [32mBuilding C object CMakeFiles/bluerov2_msgs__rosidl_generator_c.dir/rosidl_generator_c/bluerov2_msgs/msg/detail/bar30__functions.c.o[0m
[0.819s] [  4%] Built target ament_cmake_python_copy_bluerov2_msgs
[0.843s] [35m[1mConsolidate compiler generated dependencies of target bluerov2_msgs__rosidl_typesupport_cpp[0m
[0.857s] In file included from [01m[K/home/ubuntu/ROS-Humble-BlueRov2-Driver/build/bluerov2_msgs/rosidl_generator_c/bluerov2_msgs/msg/detail/bar30__functions.h:19[m[K,
[0.857s]                  from [01m[K/home/ubuntu/ROS-Humble-BlueRov2-Driver/build/bluerov2_msgs/rosidl_generator_c/bluerov2_msgs/msg/detail/bar30__functions.c:4[m[K:
[0.857s] [01m[K/home/ubuntu/ROS-Humble-BlueRov2-Driver/build/bluerov2_msgs/rosidl_generator_c/bluerov2_msgs/msg/detail/bar30__struct.h:22:10:[m[K [01;31m[Kfatal error: [m[Kstd_msgs/msg/detail/header__struct.h: No such file or directory
[0.857s]    22 | #include [01;31m[K"std_msgs/msg/detail/header__struct.h"[m[K
[0.857s]       |          [01;31m[K^~~~~~~~~~~~~~~~~~~~~~~~~~~~~~~~~~~~~~[m[K
[0.857s] compilation terminated.
[0.859s] gmake[2]: *** [CMakeFiles/bluerov2_msgs__rosidl_generator_c.dir/build.make:137: CMakeFiles/bluerov2_msgs__rosidl_generator_c.dir/rosidl_generator_c/bluerov2_msgs/msg/detail/bar30__functions.c.o] Error 1
[0.859s] gmake[1]: *** [CMakeFiles/Makefile2:213: CMakeFiles/bluerov2_msgs__rosidl_generator_c.dir/all] Error 2
[0.859s] gmake[1]: *** Waiting for unfinished jobs....
[0.871s] [  6%] [32mBuilding CXX object CMakeFiles/bluerov2_msgs__rosidl_typesupport_cpp.dir/rosidl_typesupport_cpp/bluerov2_msgs/msg/bar30__type_support.cpp.o[0m
[0.963s] In file included from [01m[K/home/ubuntu/ROS-Humble-BlueRov2-Driver/build/bluerov2_msgs/rosidl_typesupport_cpp/bluerov2_msgs/msg/bar30__type_support.cpp:7[m[K:
[0.963s] [01m[K/home/ubuntu/ROS-Humble-BlueRov2-Driver/build/bluerov2_msgs/rosidl_generator_cpp/bluerov2_msgs/msg/detail/bar30__struct.hpp:20:10:[m[K [01;31m[Kfatal error: [m[Kstd_msgs/msg/detail/header__struct.hpp: No such file or directory
[0.964s]    20 | #include [01;31m[K"std_msgs/msg/detail/header__struct.hpp"[m[K
[0.964s]       |          [01;31m[K^~~~~~~~~~~~~~~~~~~~~~~~~~~~~~~~~~~~~~~~[m[K
[0.964s] compilation terminated.
[0.966s] gmake[2]: *** [CMakeFiles/bluerov2_msgs__rosidl_typesupport_cpp.dir/build.make:94: CMakeFiles/bluerov2_msgs__rosidl_typesupport_cpp.dir/rosidl_typesupport_cpp/bluerov2_msgs/msg/bar30__type_support.cpp.o] Error 1
[0.966s] gmake[1]: *** [CMakeFiles/Makefile2:395: CMakeFiles/bluerov2_msgs__rosidl_typesupport_cpp.dir/all] Error 2
[0.966s] gmake: *** [Makefile:146: all] Error 2
[0.972s] Invoked command in '/home/ubuntu/ROS-Humble-BlueRov2-Driver/build/bluerov2_msgs' returned '2': CMAKE_PREFIX_PATH=/home/ubuntu/ROS-Humble-BlueRov2-Driver/install/bluerov2_controller:/opt/ros/humble /usr/bin/cmake --build /home/ubuntu/ROS-Humble-BlueRov2-Driver/build/bluerov2_msgs -- -j2 -l2
